[04/16/2020 08:19:21] [d(0)] core: Created user based module store
[04/16/2020 08:19:23] [e(0)] core: Unexpected output running /usr/share/metasploit-framework/modules/auxiliary/gather/office365userenum.py:
/usr/bin/env: 'python': No such file or directory

[04/16/2020 08:19:23] [e(0)] core: Failed to connect to the database: No database YAML file
[04/16/2020 08:19:23] [e(0)] core: Unable to load module /usr/share/metasploit-framework/modules/auxiliary/gather/office365userenum.py, unknown module type
[04/16/2020 09:15:43] [e(0)] core: Unable to load module /usr/share/metasploit-framework/modules/auxiliary/gather/office365userenum.py Errno::EPIPE Broken pipe /usr/share/metasploit-framework/lib/msf/core/modules/external/bridge.rb:78:in `write'
/usr/share/metasploit-framework/lib/msf/core/modules/external/bridge.rb:78:in `write_message'
/usr/share/metasploit-framework/lib/msf/core/modules/external/bridge.rb:71:in `send'
/usr/share/metasploit-framework/lib/msf/core/modules/external/bridge.rb:18:in `exec'
/usr/share/metasploit-framework/lib/msf/core/modules/external.rb:25:in `exec'
/usr/share/metasploit-framework/lib/msf/core/modules/external.rb:47:in `describe'
/usr/share/metasploit-framework/lib/msf/core/modules/external.rb:13:in `meta'
/usr/share/metasploit-framework/lib/msf/core/modules/external/shim.rb:7:in `generate'
/usr/share/metasploit-framework/lib/msf/core/modules/loader/executable.rb:88:in `read_module_content'
/usr/share/metasploit-framework/lib/msf/core/modules/loader/base.rb:127:in `load_module'
/usr/share/metasploit-framework/lib/msf/core/modules/loader/base.rb:246:in `block in load_modules'
/usr/share/metasploit-framework/lib/msf/core/modules/loader/executable.rb:53:in `block (2 levels) in each_module_reference_name'
/usr/share/metasploit-framework/vendor/bundle/ruby/2.5.0/gems/rex-core-0.1.13/lib/rex/file.rb:133:in `block in find'
/usr/share/metasploit-framework/vendor/bundle/ruby/2.5.0/gems/rex-core-0.1.13/lib/rex/file.rb:132:in `catch'
/usr/share/metasploit-framework/vendor/bundle/ruby/2.5.0/gems/rex-core-0.1.13/lib/rex/file.rb:132:in `find'
/usr/share/metasploit-framework/lib/msf/core/modules/loader/executable.rb:42:in `block in each_module_reference_name'
/usr/share/metasploit-framework/lib/msf/core/modules/loader/executable.rb:31:in `foreach'
/usr/share/metasploit-framework/lib/msf/core/modules/loader/executable.rb:31:in `each_module_reference_name'
/usr/share/metasploit-framework/lib/msf/core/modules/loader/base.rb:245:in `load_modules'
/usr/share/metasploit-framework/lib/msf/core/module_manager/loading.rb:135:in `block in load_modules'
/usr/share/metasploit-framework/lib/msf/core/module_manager/loading.rb:133:in `each'
/usr/share/metasploit-framework/lib/msf/core/module_manager/loading.rb:133:in `load_modules'
/usr/share/metasploit-framework/lib/msf/core/module_manager/module_paths.rb:41:in `block in add_module_path'
/usr/share/metasploit-framework/lib/msf/core/module_manager/module_paths.rb:40:in `each'
/usr/share/metasploit-framework/lib/msf/core/module_manager/module_paths.rb:40:in `add_module_path'
/usr/share/metasploit-framework/lib/msf/base/simple/framework/module_paths.rb:50:in `block in init_module_paths'
/usr/share/metasploit-framework/lib/msf/base/simple/framework/module_paths.rb:49:in `each'
/usr/share/metasploit-framework/lib/msf/base/simple/framework/module_paths.rb:49:in `init_module_paths'
/usr/share/metasploit-framework/lib/msf/base/simple/framework.rb:122:in `simplify'
/usr/share/metasploit-framework/lib/msf/base/simple/framework.rb:74:in `create'
/usr/bin/msfvenom:46:in `init_framework'
/usr/bin/msfvenom:55:in `framework'
/usr/bin/msfvenom:446:in `<main>'
