This file contains any messages produced by compilers while
running configure, to aid debugging if configure makes a mistake.

It was created by json-c configure 0.13.99, which was
generated by GNU Autoconf 2.69.  Invocation command line was

  $ ./configure --host=x86_64-w64-mingw32 --disable-static --enable-shared LDFLAGS=-static

## --------- ##
## Platform. ##
## --------- ##

hostname = f53782e66157
uname -m = x86_64
uname -r = 5.3.11-arch1-1
uname -s = Linux
uname -v = #1 SMP PREEMPT Tue, 12 Nov 2019 22:19:48 +0000

/usr/bin/uname -p = unknown
/bin/uname -X     = unknown

/bin/arch              = unknown
/usr/bin/arch -k       = unknown
/usr/convex/getsysinfo = unknown
/usr/bin/hostinfo      = unknown
/bin/machine           = unknown
/usr/bin/oslevel       = unknown
/bin/universe          = unknown

PATH: /usr/local/sbin
PATH: /usr/local/bin
PATH: /usr/sbin
PATH: /usr/bin
PATH: /sbin
PATH: /bin


## ----------- ##
## Core tests. ##
## ----------- ##

configure:2380: checking for a BSD-compatible install
configure:2448: result: /usr/bin/install -c
configure:2459: checking whether build environment is sane
configure:2514: result: yes
configure:2573: checking for x86_64-w64-mingw32-strip
configure:2589: found /usr/bin/x86_64-w64-mingw32-strip
configure:2600: result: x86_64-w64-mingw32-strip
configure:2665: checking for a thread-safe mkdir -p
configure:2704: result: /bin/mkdir -p
configure:2711: checking for gawk
configure:2741: result: no
configure:2711: checking for mawk
configure:2727: found /usr/bin/mawk
configure:2738: result: mawk
configure:2749: checking whether make sets $(MAKE)
configure:2771: result: yes
configure:2800: checking whether make supports nested variables
configure:2817: result: yes
configure:2946: checking whether make sets $(MAKE)
configure:2968: result: yes
configure:2982: checking build system type
configure:2996: result: x86_64-pc-linux-gnu
configure:3016: checking host system type
configure:3029: result: x86_64-w64-mingw32
configure:3065: result: Multi-threaded support disabled. Use --enable-threading to enable.
configure:3084: result: RDRAND Hardware RNG Hash Seed disabled. Use --enable-rdrand to enable
configure:3100: checking whether make supports nested variables
configure:3117: result: yes
configure:3146: checking for style of include used by make
configure:3174: result: GNU
configure:3205: checking for x86_64-w64-mingw32-gcc
configure:3221: found /usr/bin/x86_64-w64-mingw32-gcc
configure:3232: result: x86_64-w64-mingw32-gcc
configure:3501: checking for C compiler version
configure:3510: x86_64-w64-mingw32-gcc --version >&5
x86_64-w64-mingw32-gcc (GCC) 7.3-win32 20180312
Copyright (C) 2017 Free Software Foundation, Inc.
This is free software; see the source for copying conditions.  There is NO
warranty; not even for MERCHANTABILITY or FITNESS FOR A PARTICULAR PURPOSE.

configure:3521: $? = 0
configure:3510: x86_64-w64-mingw32-gcc -v >&5
Using built-in specs.
COLLECT_GCC=x86_64-w64-mingw32-gcc
COLLECT_LTO_WRAPPER=/usr/lib/gcc/x86_64-w64-mingw32/7.3-win32/lto-wrapper
Target: x86_64-w64-mingw32
Configured with: ../../src/configure --build=x86_64-linux-gnu --prefix=/usr --includedir='/usr/include' --mandir='/usr/share/man' --infodir='/usr/share/info' --sysconfdir=/etc --localstatedir=/var --disable-silent-rules --libdir='/usr/lib/x86_64-linux-gnu' --libexecdir='/usr/lib/x86_64-linux-gnu' --disable-maintainer-mode --disable-dependency-tracking --prefix=/usr --enable-shared --enable-static --disable-multilib --with-system-zlib --libexecdir=/usr/lib --without-included-gettext --libdir=/usr/lib --enable-libstdcxx-time=yes --with-tune=generic --with-headers=/usr/x86_64-w64-mingw32/include --enable-version-specific-runtime-libs --enable-fully-dynamic-string --enable-libgomp --enable-languages=c,c++,fortran,objc,obj-c++,ada --enable-lto --with-plugin-ld --enable-threads=win32 --program-suffix=-win32 --program-prefix=x86_64-w64-mingw32- --target=x86_64-w64-mingw32 --with-as=/usr/bin/x86_64-w64-mingw32-as --with-ld=/usr/bin/x86_64-w64-mingw32-ld --enable-libatomic --enable-libstdcxx-filesystem-ts=yes
Thread model: win32
gcc version 7.3-win32 20180312 (GCC) 
configure:3521: $? = 0
configure:3510: x86_64-w64-mingw32-gcc -V >&5
x86_64-w64-mingw32-gcc: error: unrecognized command line option '-V'
x86_64-w64-mingw32-gcc: fatal error: no input files
compilation terminated.
configure:3521: $? = 1
configure:3510: x86_64-w64-mingw32-gcc -qversion >&5
x86_64-w64-mingw32-gcc: error: unrecognized command line option '-qversion'; did you mean '--version'?
x86_64-w64-mingw32-gcc: fatal error: no input files
compilation terminated.
configure:3521: $? = 1
configure:3541: checking whether the C compiler works
configure:3563: x86_64-w64-mingw32-gcc   -static conftest.c  >&5
configure:3567: $? = 0
configure:3615: result: yes
configure:3618: checking for C compiler default output file name
configure:3620: result: a.exe
configure:3626: checking for suffix of executables
configure:3633: x86_64-w64-mingw32-gcc -o conftest.exe   -static conftest.c  >&5
configure:3637: $? = 0
configure:3659: result: .exe
configure:3681: checking whether we are cross compiling
configure:3689: x86_64-w64-mingw32-gcc -o conftest.exe   -static conftest.c  >&5
configure:3693: $? = 0
configure:3700: ./conftest.exe
./configure: line 3702: ./conftest.exe: No such file or directory
configure:3704: $? = 127
configure:3719: result: yes
configure:3724: checking for suffix of object files
configure:3746: x86_64-w64-mingw32-gcc -c   conftest.c >&5
configure:3750: $? = 0
configure:3771: result: o
configure:3775: checking whether we are using the GNU C compiler
configure:3794: x86_64-w64-mingw32-gcc -c   conftest.c >&5
configure:3794: $? = 0
configure:3803: result: yes
configure:3812: checking whether x86_64-w64-mingw32-gcc accepts -g
configure:3832: x86_64-w64-mingw32-gcc -c -g  conftest.c >&5
configure:3832: $? = 0
configure:3873: result: yes
configure:3890: checking for x86_64-w64-mingw32-gcc option to accept ISO C89
configure:3953: x86_64-w64-mingw32-gcc  -c -g -O2  conftest.c >&5
configure:3953: $? = 0
configure:3966: result: none needed
configure:3991: checking whether x86_64-w64-mingw32-gcc understands -c and -o together
configure:4013: x86_64-w64-mingw32-gcc -c conftest.c -o conftest2.o
configure:4016: $? = 0
configure:4013: x86_64-w64-mingw32-gcc -c conftest.c -o conftest2.o
configure:4016: $? = 0
configure:4028: result: yes
configure:4047: checking dependency style of x86_64-w64-mingw32-gcc
configure:4158: result: gcc3
configure:4174: checking for x86_64-w64-mingw32-gcc option to accept ISO C99
configure:4323: x86_64-w64-mingw32-gcc  -c -g -O2  conftest.c >&5
configure:4323: $? = 0
configure:4336: result: none needed
configure:4361: checking how to run the C preprocessor
configure:4392: x86_64-w64-mingw32-gcc -E  conftest.c
configure:4392: $? = 0
configure:4406: x86_64-w64-mingw32-gcc -E  conftest.c
conftest.c:11:10: fatal error: ac_nonexistent.h: No such file or directory
 #include <ac_nonexistent.h>
          ^~~~~~~~~~~~~~~~~~
compilation terminated.
configure:4406: $? = 1
configure: failed program was:
| /* confdefs.h */
| #define PACKAGE_NAME "json-c"
| #define PACKAGE_TARNAME "json-c"
| #define PACKAGE_VERSION "0.13.99"
| #define PACKAGE_STRING "json-c 0.13.99"
| #define PACKAGE_BUGREPORT "json-c@googlegroups.com"
| #define PACKAGE_URL ""
| #define PACKAGE "json-c"
| #define VERSION "0.13.99"
| /* end confdefs.h.  */
| #include <ac_nonexistent.h>
configure:4431: result: x86_64-w64-mingw32-gcc -E
configure:4451: x86_64-w64-mingw32-gcc -E  conftest.c
configure:4451: $? = 0
configure:4465: x86_64-w64-mingw32-gcc -E  conftest.c
conftest.c:11:10: fatal error: ac_nonexistent.h: No such file or directory
 #include <ac_nonexistent.h>
          ^~~~~~~~~~~~~~~~~~
compilation terminated.
configure:4465: $? = 1
configure: failed program was:
| /* confdefs.h */
| #define PACKAGE_NAME "json-c"
| #define PACKAGE_TARNAME "json-c"
| #define PACKAGE_VERSION "0.13.99"
| #define PACKAGE_STRING "json-c 0.13.99"
| #define PACKAGE_BUGREPORT "json-c@googlegroups.com"
| #define PACKAGE_URL ""
| #define PACKAGE "json-c"
| #define VERSION "0.13.99"
| /* end confdefs.h.  */
| #include <ac_nonexistent.h>
configure:4494: checking for grep that handles long lines and -e
configure:4552: result: /bin/grep
configure:4557: checking for egrep
configure:4619: result: /bin/grep -E
configure:4624: checking for ANSI C header files
configure:4644: x86_64-w64-mingw32-gcc -c -g -O2  conftest.c >&5
configure:4644: $? = 0
configure:4728: result: yes
configure:4741: checking for sys/types.h
configure:4741: x86_64-w64-mingw32-gcc -c -g -O2  conftest.c >&5
configure:4741: $? = 0
configure:4741: result: yes
configure:4741: checking for sys/stat.h
configure:4741: x86_64-w64-mingw32-gcc -c -g -O2  conftest.c >&5
configure:4741: $? = 0
configure:4741: result: yes
configure:4741: checking for stdlib.h
configure:4741: x86_64-w64-mingw32-gcc -c -g -O2  conftest.c >&5
configure:4741: $? = 0
configure:4741: result: yes
configure:4741: checking for string.h
configure:4741: x86_64-w64-mingw32-gcc -c -g -O2  conftest.c >&5
configure:4741: $? = 0
configure:4741: result: yes
configure:4741: checking for memory.h
configure:4741: x86_64-w64-mingw32-gcc -c -g -O2  conftest.c >&5
configure:4741: $? = 0
configure:4741: result: yes
configure:4741: checking for strings.h
configure:4741: x86_64-w64-mingw32-gcc -c -g -O2  conftest.c >&5
configure:4741: $? = 0
configure:4741: result: yes
configure:4741: checking for inttypes.h
configure:4741: x86_64-w64-mingw32-gcc -c -g -O2  conftest.c >&5
configure:4741: $? = 0
configure:4741: result: yes
configure:4741: checking for stdint.h
configure:4741: x86_64-w64-mingw32-gcc -c -g -O2  conftest.c >&5
configure:4741: $? = 0
configure:4741: result: yes
configure:4741: checking for unistd.h
configure:4741: x86_64-w64-mingw32-gcc -c -g -O2  conftest.c >&5
configure:4741: $? = 0
configure:4741: result: yes
configure:4756: checking fcntl.h usability
configure:4756: x86_64-w64-mingw32-gcc -c -g -O2  conftest.c >&5
configure:4756: $? = 0
configure:4756: result: yes
configure:4756: checking fcntl.h presence
configure:4756: x86_64-w64-mingw32-gcc -E  conftest.c
configure:4756: $? = 0
configure:4756: result: yes
configure:4756: checking for fcntl.h
configure:4756: result: yes
configure:4756: checking limits.h usability
configure:4756: x86_64-w64-mingw32-gcc -c -g -O2  conftest.c >&5
configure:4756: $? = 0
configure:4756: result: yes
configure:4756: checking limits.h presence
configure:4756: x86_64-w64-mingw32-gcc -E  conftest.c
configure:4756: $? = 0
configure:4756: result: yes
configure:4756: checking for limits.h
configure:4756: result: yes
configure:4756: checking for strings.h
configure:4756: result: yes
configure:4756: checking syslog.h usability
configure:4756: x86_64-w64-mingw32-gcc -c -g -O2  conftest.c >&5
conftest.c:57:10: fatal error: syslog.h: No such file or directory
 #include <syslog.h>
          ^~~~~~~~~~
compilation terminated.
configure:4756: $? = 1
configure: failed program was:
| /* confdefs.h */
| #define PACKAGE_NAME "json-c"
| #define PACKAGE_TARNAME "json-c"
| #define PACKAGE_VERSION "0.13.99"
| #define PACKAGE_STRING "json-c 0.13.99"
| #define PACKAGE_BUGREPORT "json-c@googlegroups.com"
| #define PACKAGE_URL ""
| #define PACKAGE "json-c"
| #define VERSION "0.13.99"
| #define STDC_HEADERS 1
| #define HAVE_SYS_TYPES_H 1
| #define HAVE_SYS_STAT_H 1
| #define HAVE_STDLIB_H 1
| #define HAVE_STRING_H 1
| #define HAVE_MEMORY_H 1
| #define HAVE_STRINGS_H 1
| #define HAVE_INTTYPES_H 1
| #define HAVE_STDINT_H 1
| #define HAVE_UNISTD_H 1
| #define HAVE_FCNTL_H 1
| #define HAVE_LIMITS_H 1
| #define HAVE_STRINGS_H 1
| /* end confdefs.h.  */
| #include <stdio.h>
| #ifdef HAVE_SYS_TYPES_H
| # include <sys/types.h>
| #endif
| #ifdef HAVE_SYS_STAT_H
| # include <sys/stat.h>
| #endif
| #ifdef STDC_HEADERS
| # include <stdlib.h>
| # include <stddef.h>
| #else
| # ifdef HAVE_STDLIB_H
| #  include <stdlib.h>
| # endif
| #endif
| #ifdef HAVE_STRING_H
| # if !defined STDC_HEADERS && defined HAVE_MEMORY_H
| #  include <memory.h>
| # endif
| # include <string.h>
| #endif
| #ifdef HAVE_STRINGS_H
| # include <strings.h>
| #endif
| #ifdef HAVE_INTTYPES_H
| # include <inttypes.h>
| #endif
| #ifdef HAVE_STDINT_H
| # include <stdint.h>
| #endif
| #ifdef HAVE_UNISTD_H
| # include <unistd.h>
| #endif
| #include <syslog.h>
configure:4756: result: no
configure:4756: checking syslog.h presence
configure:4756: x86_64-w64-mingw32-gcc -E  conftest.c
conftest.c:24:10: fatal error: syslog.h: No such file or directory
 #include <syslog.h>
          ^~~~~~~~~~
compilation terminated.
configure:4756: $? = 1
configure: failed program was:
| /* confdefs.h */
| #define PACKAGE_NAME "json-c"
| #define PACKAGE_TARNAME "json-c"
| #define PACKAGE_VERSION "0.13.99"
| #define PACKAGE_STRING "json-c 0.13.99"
| #define PACKAGE_BUGREPORT "json-c@googlegroups.com"
| #define PACKAGE_URL ""
| #define PACKAGE "json-c"
| #define VERSION "0.13.99"
| #define STDC_HEADERS 1
| #define HAVE_SYS_TYPES_H 1
| #define HAVE_SYS_STAT_H 1
| #define HAVE_STDLIB_H 1
| #define HAVE_STRING_H 1
| #define HAVE_MEMORY_H 1
| #define HAVE_STRINGS_H 1
| #define HAVE_INTTYPES_H 1
| #define HAVE_STDINT_H 1
| #define HAVE_UNISTD_H 1
| #define HAVE_FCNTL_H 1
| #define HAVE_LIMITS_H 1
| #define HAVE_STRINGS_H 1
| /* end confdefs.h.  */
| #include <syslog.h>
configure:4756: result: no
configure:4756: checking for syslog.h
configure:4756: result: no
configure:4756: checking for unistd.h
configure:4756: result: yes
configure:4756: checking sys/cdefs.h usability
configure:4756: x86_64-w64-mingw32-gcc -c -g -O2  conftest.c >&5
configure:4756: $? = 0
configure:4756: result: yes
configure:4756: checking sys/cdefs.h presence
configure:4756: x86_64-w64-mingw32-gcc -E  conftest.c
configure:4756: $? = 0
configure:4756: result: yes
configure:4756: checking for sys/cdefs.h
configure:4756: result: yes
configure:4756: checking sys/param.h usability
configure:4756: x86_64-w64-mingw32-gcc -c -g -O2  conftest.c >&5
configure:4756: $? = 0
configure:4756: result: yes
configure:4756: checking sys/param.h presence
configure:4756: x86_64-w64-mingw32-gcc -E  conftest.c
configure:4756: $? = 0
configure:4756: result: yes
configure:4756: checking for sys/param.h
configure:4756: result: yes
configure:4756: checking stdarg.h usability
configure:4756: x86_64-w64-mingw32-gcc -c -g -O2  conftest.c >&5
configure:4756: $? = 0
configure:4756: result: yes
configure:4756: checking stdarg.h presence
configure:4756: x86_64-w64-mingw32-gcc -E  conftest.c
configure:4756: $? = 0
configure:4756: result: yes
configure:4756: checking for stdarg.h
configure:4756: result: yes
configure:4756: checking locale.h usability
configure:4756: x86_64-w64-mingw32-gcc -c -g -O2  conftest.c >&5
configure:4756: $? = 0
configure:4756: result: yes
configure:4756: checking locale.h presence
configure:4756: x86_64-w64-mingw32-gcc -E  conftest.c
configure:4756: $? = 0
configure:4756: result: yes
configure:4756: checking for locale.h
configure:4756: result: yes
configure:4756: checking xlocale.h usability
configure:4756: x86_64-w64-mingw32-gcc -c -g -O2  conftest.c >&5
conftest.c:62:10: fatal error: xlocale.h: No such file or directory
 #include <xlocale.h>
          ^~~~~~~~~~~
compilation terminated.
configure:4756: $? = 1
configure: failed program was:
| /* confdefs.h */
| #define PACKAGE_NAME "json-c"
| #define PACKAGE_TARNAME "json-c"
| #define PACKAGE_VERSION "0.13.99"
| #define PACKAGE_STRING "json-c 0.13.99"
| #define PACKAGE_BUGREPORT "json-c@googlegroups.com"
| #define PACKAGE_URL ""
| #define PACKAGE "json-c"
| #define VERSION "0.13.99"
| #define STDC_HEADERS 1
| #define HAVE_SYS_TYPES_H 1
| #define HAVE_SYS_STAT_H 1
| #define HAVE_STDLIB_H 1
| #define HAVE_STRING_H 1
| #define HAVE_MEMORY_H 1
| #define HAVE_STRINGS_H 1
| #define HAVE_INTTYPES_H 1
| #define HAVE_STDINT_H 1
| #define HAVE_UNISTD_H 1
| #define HAVE_FCNTL_H 1
| #define HAVE_LIMITS_H 1
| #define HAVE_STRINGS_H 1
| #define HAVE_UNISTD_H 1
| #define HAVE_SYS_CDEFS_H 1
| #define HAVE_SYS_PARAM_H 1
| #define HAVE_STDARG_H 1
| #define HAVE_LOCALE_H 1
| /* end confdefs.h.  */
| #include <stdio.h>
| #ifdef HAVE_SYS_TYPES_H
| # include <sys/types.h>
| #endif
| #ifdef HAVE_SYS_STAT_H
| # include <sys/stat.h>
| #endif
| #ifdef STDC_HEADERS
| # include <stdlib.h>
| # include <stddef.h>
| #else
| # ifdef HAVE_STDLIB_H
| #  include <stdlib.h>
| # endif
| #endif
| #ifdef HAVE_STRING_H
| # if !defined STDC_HEADERS && defined HAVE_MEMORY_H
| #  include <memory.h>
| # endif
| # include <string.h>
| #endif
| #ifdef HAVE_STRINGS_H
| # include <strings.h>
| #endif
| #ifdef HAVE_INTTYPES_H
| # include <inttypes.h>
| #endif
| #ifdef HAVE_STDINT_H
| # include <stdint.h>
| #endif
| #ifdef HAVE_UNISTD_H
| # include <unistd.h>
| #endif
| #include <xlocale.h>
configure:4756: result: no
configure:4756: checking xlocale.h presence
configure:4756: x86_64-w64-mingw32-gcc -E  conftest.c
conftest.c:29:10: fatal error: xlocale.h: No such file or directory
 #include <xlocale.h>
          ^~~~~~~~~~~
compilation terminated.
configure:4756: $? = 1
configure: failed program was:
| /* confdefs.h */
| #define PACKAGE_NAME "json-c"
| #define PACKAGE_TARNAME "json-c"
| #define PACKAGE_VERSION "0.13.99"
| #define PACKAGE_STRING "json-c 0.13.99"
| #define PACKAGE_BUGREPORT "json-c@googlegroups.com"
| #define PACKAGE_URL ""
| #define PACKAGE "json-c"
| #define VERSION "0.13.99"
| #define STDC_HEADERS 1
| #define HAVE_SYS_TYPES_H 1
| #define HAVE_SYS_STAT_H 1
| #define HAVE_STDLIB_H 1
| #define HAVE_STRING_H 1
| #define HAVE_MEMORY_H 1
| #define HAVE_STRINGS_H 1
| #define HAVE_INTTYPES_H 1
| #define HAVE_STDINT_H 1
| #define HAVE_UNISTD_H 1
| #define HAVE_FCNTL_H 1
| #define HAVE_LIMITS_H 1
| #define HAVE_STRINGS_H 1
| #define HAVE_UNISTD_H 1
| #define HAVE_SYS_CDEFS_H 1
| #define HAVE_SYS_PARAM_H 1
| #define HAVE_STDARG_H 1
| #define HAVE_LOCALE_H 1
| /* end confdefs.h.  */
| #include <xlocale.h>
configure:4756: result: no
configure:4756: checking for xlocale.h
configure:4756: result: no
configure:4756: checking endian.h usability
configure:4756: x86_64-w64-mingw32-gcc -c -g -O2  conftest.c >&5
conftest.c:62:10: fatal error: endian.h: No such file or directory
 #include <endian.h>
          ^~~~~~~~~~
compilation terminated.
configure:4756: $? = 1
configure: failed program was:
| /* confdefs.h */
| #define PACKAGE_NAME "json-c"
| #define PACKAGE_TARNAME "json-c"
| #define PACKAGE_VERSION "0.13.99"
| #define PACKAGE_STRING "json-c 0.13.99"
| #define PACKAGE_BUGREPORT "json-c@googlegroups.com"
| #define PACKAGE_URL ""
| #define PACKAGE "json-c"
| #define VERSION "0.13.99"
| #define STDC_HEADERS 1
| #define HAVE_SYS_TYPES_H 1
| #define HAVE_SYS_STAT_H 1
| #define HAVE_STDLIB_H 1
| #define HAVE_STRING_H 1
| #define HAVE_MEMORY_H 1
| #define HAVE_STRINGS_H 1
| #define HAVE_INTTYPES_H 1
| #define HAVE_STDINT_H 1
| #define HAVE_UNISTD_H 1
| #define HAVE_FCNTL_H 1
| #define HAVE_LIMITS_H 1
| #define HAVE_STRINGS_H 1
| #define HAVE_UNISTD_H 1
| #define HAVE_SYS_CDEFS_H 1
| #define HAVE_SYS_PARAM_H 1
| #define HAVE_STDARG_H 1
| #define HAVE_LOCALE_H 1
| /* end confdefs.h.  */
| #include <stdio.h>
| #ifdef HAVE_SYS_TYPES_H
| # include <sys/types.h>
| #endif
| #ifdef HAVE_SYS_STAT_H
| # include <sys/stat.h>
| #endif
| #ifdef STDC_HEADERS
| # include <stdlib.h>
| # include <stddef.h>
| #else
| # ifdef HAVE_STDLIB_H
| #  include <stdlib.h>
| # endif
| #endif
| #ifdef HAVE_STRING_H
| # if !defined STDC_HEADERS && defined HAVE_MEMORY_H
| #  include <memory.h>
| # endif
| # include <string.h>
| #endif
| #ifdef HAVE_STRINGS_H
| # include <strings.h>
| #endif
| #ifdef HAVE_INTTYPES_H
| # include <inttypes.h>
| #endif
| #ifdef HAVE_STDINT_H
| # include <stdint.h>
| #endif
| #ifdef HAVE_UNISTD_H
| # include <unistd.h>
| #endif
| #include <endian.h>
configure:4756: result: no
configure:4756: checking endian.h presence
configure:4756: x86_64-w64-mingw32-gcc -E  conftest.c
conftest.c:29:10: fatal error: endian.h: No such file or directory
 #include <endian.h>
          ^~~~~~~~~~
compilation terminated.
configure:4756: $? = 1
configure: failed program was:
| /* confdefs.h */
| #define PACKAGE_NAME "json-c"
| #define PACKAGE_TARNAME "json-c"
| #define PACKAGE_VERSION "0.13.99"
| #define PACKAGE_STRING "json-c 0.13.99"
| #define PACKAGE_BUGREPORT "json-c@googlegroups.com"
| #define PACKAGE_URL ""
| #define PACKAGE "json-c"
| #define VERSION "0.13.99"
| #define STDC_HEADERS 1
| #define HAVE_SYS_TYPES_H 1
| #define HAVE_SYS_STAT_H 1
| #define HAVE_STDLIB_H 1
| #define HAVE_STRING_H 1
| #define HAVE_MEMORY_H 1
| #define HAVE_STRINGS_H 1
| #define HAVE_INTTYPES_H 1
| #define HAVE_STDINT_H 1
| #define HAVE_UNISTD_H 1
| #define HAVE_FCNTL_H 1
| #define HAVE_LIMITS_H 1
| #define HAVE_STRINGS_H 1
| #define HAVE_UNISTD_H 1
| #define HAVE_SYS_CDEFS_H 1
| #define HAVE_SYS_PARAM_H 1
| #define HAVE_STDARG_H 1
| #define HAVE_LOCALE_H 1
| /* end confdefs.h.  */
| #include <endian.h>
configure:4756: result: no
configure:4756: checking for endian.h
configure:4756: result: no
configure:4766: checking for inttypes.h
configure:4766: result: yes
configure:4776: checking for an ANSI C-conforming const
configure:4842: x86_64-w64-mingw32-gcc -c -g -O2  conftest.c >&5
configure:4842: $? = 0
configure:4849: result: yes
configure:4857: checking for size_t
configure:4857: x86_64-w64-mingw32-gcc -c -g -O2  conftest.c >&5
configure:4857: $? = 0
configure:4857: x86_64-w64-mingw32-gcc -c -g -O2  conftest.c >&5
conftest.c: In function 'main':
conftest.c:66:21: error: expected expression before ')' token
 if (sizeof ((size_t)))
                     ^
configure:4857: $? = 1
configure: failed program was:
| /* confdefs.h */
| #define PACKAGE_NAME "json-c"
| #define PACKAGE_TARNAME "json-c"
| #define PACKAGE_VERSION "0.13.99"
| #define PACKAGE_STRING "json-c 0.13.99"
| #define PACKAGE_BUGREPORT "json-c@googlegroups.com"
| #define PACKAGE_URL ""
| #define PACKAGE "json-c"
| #define VERSION "0.13.99"
| #define STDC_HEADERS 1
| #define HAVE_SYS_TYPES_H 1
| #define HAVE_SYS_STAT_H 1
| #define HAVE_STDLIB_H 1
| #define HAVE_STRING_H 1
| #define HAVE_MEMORY_H 1
| #define HAVE_STRINGS_H 1
| #define HAVE_INTTYPES_H 1
| #define HAVE_STDINT_H 1
| #define HAVE_UNISTD_H 1
| #define HAVE_FCNTL_H 1
| #define HAVE_LIMITS_H 1
| #define HAVE_STRINGS_H 1
| #define HAVE_UNISTD_H 1
| #define HAVE_SYS_CDEFS_H 1
| #define HAVE_SYS_PARAM_H 1
| #define HAVE_STDARG_H 1
| #define HAVE_LOCALE_H 1
| #define JSON_C_HAVE_INTTYPES_H 1
| /* end confdefs.h.  */
| #include <stdio.h>
| #ifdef HAVE_SYS_TYPES_H
| # include <sys/types.h>
| #endif
| #ifdef HAVE_SYS_STAT_H
| # include <sys/stat.h>
| #endif
| #ifdef STDC_HEADERS
| # include <stdlib.h>
| # include <stddef.h>
| #else
| # ifdef HAVE_STDLIB_H
| #  include <stdlib.h>
| # endif
| #endif
| #ifdef HAVE_STRING_H
| # if !defined STDC_HEADERS && defined HAVE_MEMORY_H
| #  include <memory.h>
| # endif
| # include <string.h>
| #endif
| #ifdef HAVE_STRINGS_H
| # include <strings.h>
| #endif
| #ifdef HAVE_INTTYPES_H
| # include <inttypes.h>
| #endif
| #ifdef HAVE_STDINT_H
| # include <stdint.h>
| #endif
| #ifdef HAVE_UNISTD_H
| # include <unistd.h>
| #endif
| int
| main ()
| {
| if (sizeof ((size_t)))
| 	    return 0;
|   ;
|   return 0;
| }
configure:4857: result: yes
configure:4869: checking for __thread support
configure:4886: x86_64-w64-mingw32-gcc -o conftest.exe -g -O2  -static conftest.c  >&5
conftest.c: In function 'main':
conftest.c:35:1: warning: implicit declaration of function 'exit' [-Wimplicit-function-declaration]
 exit (foo (0));
 ^~~~
conftest.c:35:1: warning: incompatible implicit declaration of built-in function 'exit'
conftest.c:35:1: note: include '<stdlib.h>' or provide a declaration of 'exit'
configure:4886: $? = 0
configure:4895: result: yes
configure:4910: checking for vprintf
configure:4910: x86_64-w64-mingw32-gcc -o conftest.exe -g -O2  -static conftest.c  >&5
conftest.c:55:6: warning: conflicting types for built-in function 'vprintf' [-Wbuiltin-declaration-mismatch]
 char vprintf ();
      ^~~~~~~
configure:4910: $? = 0
configure:4910: result: yes
configure:4916: checking for _doprnt
configure:4916: x86_64-w64-mingw32-gcc -o conftest.exe -g -O2  -static conftest.c  >&5
/tmp/cceJnWH4.o: In function `main':
/shad0w-dev/beacon/lib/json-c/conftest.c:67: undefined reference to `_doprnt'
collect2: error: ld returned 1 exit status
configure:4916: $? = 1
configure: failed program was:
| /* confdefs.h */
| #define PACKAGE_NAME "json-c"
| #define PACKAGE_TARNAME "json-c"
| #define PACKAGE_VERSION "0.13.99"
| #define PACKAGE_STRING "json-c 0.13.99"
| #define PACKAGE_BUGREPORT "json-c@googlegroups.com"
| #define PACKAGE_URL ""
| #define PACKAGE "json-c"
| #define VERSION "0.13.99"
| #define STDC_HEADERS 1
| #define HAVE_SYS_TYPES_H 1
| #define HAVE_SYS_STAT_H 1
| #define HAVE_STDLIB_H 1
| #define HAVE_STRING_H 1
| #define HAVE_MEMORY_H 1
| #define HAVE_STRINGS_H 1
| #define HAVE_INTTYPES_H 1
| #define HAVE_STDINT_H 1
| #define HAVE_UNISTD_H 1
| #define HAVE_FCNTL_H 1
| #define HAVE_LIMITS_H 1
| #define HAVE_STRINGS_H 1
| #define HAVE_UNISTD_H 1
| #define HAVE_SYS_CDEFS_H 1
| #define HAVE_SYS_PARAM_H 1
| #define HAVE_STDARG_H 1
| #define HAVE_LOCALE_H 1
| #define JSON_C_HAVE_INTTYPES_H 1
| #define HAVE___THREAD 1
| #define SPEC___THREAD __thread
| #define HAVE_VPRINTF 1
| /* end confdefs.h.  */
| /* Define _doprnt to an innocuous variant, in case <limits.h> declares _doprnt.
|    For example, HP-UX 11i <limits.h> declares gettimeofday.  */
| #define _doprnt innocuous__doprnt
| 
| /* System header to define __stub macros and hopefully few prototypes,
|     which can conflict with char _doprnt (); below.
|     Prefer <limits.h> to <assert.h> if __STDC__ is defined, since
|     <limits.h> exists even on freestanding compilers.  */
| 
| #ifdef __STDC__
| # include <limits.h>
| #else
| # include <assert.h>
| #endif
| 
| #undef _doprnt
| 
| /* Override any GCC internal prototype to avoid an error.
|    Use char because int might match the return type of a GCC
|    builtin and then its argument prototype would still apply.  */
| #ifdef __cplusplus
| extern "C"
| #endif
| char _doprnt ();
| /* The GNU C library defines this for functions which it implements
|     to always fail with ENOSYS.  Some functions are actually named
|     something starting with __ and the normal name is an alias.  */
| #if defined __stub__doprnt || defined __stub____doprnt
| choke me
| #endif
| 
| int
| main ()
| {
| return _doprnt ();
|   ;
|   return 0;
| }
configure:4916: result: no
configure:4927: checking for working memcmp
configure:4980: result: no
configure:4991: checking for realloc
configure:4991: x86_64-w64-mingw32-gcc -o conftest.exe -g -O2  -static conftest.c  >&5
conftest.c:56:6: warning: conflicting types for built-in function 'realloc' [-Wbuiltin-declaration-mismatch]
 char realloc ();
      ^~~~~~~
configure:4991: $? = 0
configure:4991: result: yes
configure:5003: checking for strcasecmp
configure:5003: x86_64-w64-mingw32-gcc -o conftest.exe -g -O2  -static conftest.c  >&5
conftest.c:57:6: warning: conflicting types for built-in function 'strcasecmp' [-Wbuiltin-declaration-mismatch]
 char strcasecmp ();
      ^~~~~~~~~~
configure:5003: $? = 0
configure:5003: result: yes
configure:5003: checking for strdup
configure:5003: x86_64-w64-mingw32-gcc -o conftest.exe -g -O2  -static conftest.c  >&5
conftest.c:58:6: warning: conflicting types for built-in function 'strdup' [-Wbuiltin-declaration-mismatch]
 char strdup ();
      ^~~~~~
configure:5003: $? = 0
configure:5003: result: yes
configure:5003: checking for strerror
configure:5003: x86_64-w64-mingw32-gcc -o conftest.exe -g -O2  -static conftest.c  >&5
configure:5003: $? = 0
configure:5003: result: yes
configure:5003: checking for snprintf
configure:5003: x86_64-w64-mingw32-gcc -o conftest.exe -g -O2  -static conftest.c  >&5
conftest.c:60:6: warning: conflicting types for built-in function 'snprintf' [-Wbuiltin-declaration-mismatch]
 char snprintf ();
      ^~~~~~~~
configure:5003: $? = 0
configure:5003: result: yes
configure:5003: checking for vsnprintf
configure:5003: x86_64-w64-mingw32-gcc -o conftest.exe -g -O2  -static conftest.c  >&5
conftest.c:61:6: warning: conflicting types for built-in function 'vsnprintf' [-Wbuiltin-declaration-mismatch]
 char vsnprintf ();
      ^~~~~~~~~
configure:5003: $? = 0
configure:5003: result: yes
configure:5003: checking for vasprintf
configure:5003: x86_64-w64-mingw32-gcc -o conftest.exe -g -O2  -static conftest.c  >&5
configure:5003: $? = 0
configure:5003: result: yes
configure:5003: checking for open
configure:5003: x86_64-w64-mingw32-gcc -o conftest.exe -g -O2  -static conftest.c  >&5
configure:5003: $? = 0
configure:5003: result: yes
configure:5003: checking for vsyslog
configure:5003: x86_64-w64-mingw32-gcc -o conftest.exe -g -O2  -static conftest.c  >&5
/tmp/ccpWwhYI.o: In function `main':
/shad0w-dev/beacon/lib/json-c/conftest.c:75: undefined reference to `vsyslog'
collect2: error: ld returned 1 exit status
configure:5003: $? = 1
configure: failed program was:
| /* confdefs.h */
| #define PACKAGE_NAME "json-c"
| #define PACKAGE_TARNAME "json-c"
| #define PACKAGE_VERSION "0.13.99"
| #define PACKAGE_STRING "json-c 0.13.99"
| #define PACKAGE_BUGREPORT "json-c@googlegroups.com"
| #define PACKAGE_URL ""
| #define PACKAGE "json-c"
| #define VERSION "0.13.99"
| #define STDC_HEADERS 1
| #define HAVE_SYS_TYPES_H 1
| #define HAVE_SYS_STAT_H 1
| #define HAVE_STDLIB_H 1
| #define HAVE_STRING_H 1
| #define HAVE_MEMORY_H 1
| #define HAVE_STRINGS_H 1
| #define HAVE_INTTYPES_H 1
| #define HAVE_STDINT_H 1
| #define HAVE_UNISTD_H 1
| #define HAVE_FCNTL_H 1
| #define HAVE_LIMITS_H 1
| #define HAVE_STRINGS_H 1
| #define HAVE_UNISTD_H 1
| #define HAVE_SYS_CDEFS_H 1
| #define HAVE_SYS_PARAM_H 1
| #define HAVE_STDARG_H 1
| #define HAVE_LOCALE_H 1
| #define JSON_C_HAVE_INTTYPES_H 1
| #define HAVE___THREAD 1
| #define SPEC___THREAD __thread
| #define HAVE_VPRINTF 1
| #define HAVE_REALLOC 1
| #define HAVE_STRCASECMP 1
| #define HAVE_STRDUP 1
| #define HAVE_STRERROR 1
| #define HAVE_SNPRINTF 1
| #define HAVE_VSNPRINTF 1
| #define HAVE_VASPRINTF 1
| #define HAVE_OPEN 1
| /* end confdefs.h.  */
| /* Define vsyslog to an innocuous variant, in case <limits.h> declares vsyslog.
|    For example, HP-UX 11i <limits.h> declares gettimeofday.  */
| #define vsyslog innocuous_vsyslog
| 
| /* System header to define __stub macros and hopefully few prototypes,
|     which can conflict with char vsyslog (); below.
|     Prefer <limits.h> to <assert.h> if __STDC__ is defined, since
|     <limits.h> exists even on freestanding compilers.  */
| 
| #ifdef __STDC__
| # include <limits.h>
| #else
| # include <assert.h>
| #endif
| 
| #undef vsyslog
| 
| /* Override any GCC internal prototype to avoid an error.
|    Use char because int might match the return type of a GCC
|    builtin and then its argument prototype would still apply.  */
| #ifdef __cplusplus
| extern "C"
| #endif
| char vsyslog ();
| /* The GNU C library defines this for functions which it implements
|     to always fail with ENOSYS.  Some functions are actually named
|     something starting with __ and the normal name is an alias.  */
| #if defined __stub_vsyslog || defined __stub___vsyslog
| choke me
| #endif
| 
| int
| main ()
| {
| return vsyslog ();
|   ;
|   return 0;
| }
configure:5003: result: no
configure:5003: checking for strncasecmp
configure:5003: x86_64-w64-mingw32-gcc -o conftest.exe -g -O2  -static conftest.c  >&5
conftest.c:64:6: warning: conflicting types for built-in function 'strncasecmp' [-Wbuiltin-declaration-mismatch]
 char strncasecmp ();
      ^~~~~~~~~~~
configure:5003: $? = 0
configure:5003: result: yes
configure:5003: checking for setlocale
configure:5003: x86_64-w64-mingw32-gcc -o conftest.exe -g -O2  -static conftest.c  >&5
configure:5003: $? = 0
configure:5003: result: yes
configure:5012: checking whether INFINITY is declared
configure:5012: x86_64-w64-mingw32-gcc -c -g -O2  conftest.c >&5
configure:5012: $? = 0
configure:5012: result: yes
configure:5024: checking whether nan is declared
configure:5024: x86_64-w64-mingw32-gcc -c -g -O2  conftest.c >&5
configure:5024: $? = 0
configure:5024: result: yes
configure:5036: checking whether isnan is declared
configure:5036: x86_64-w64-mingw32-gcc -c -g -O2  conftest.c >&5
configure:5036: $? = 0
configure:5036: result: yes
configure:5048: checking whether isinf is declared
configure:5048: x86_64-w64-mingw32-gcc -c -g -O2  conftest.c >&5
configure:5048: $? = 0
configure:5048: result: yes
configure:5060: checking whether _isnan is declared
configure:5060: x86_64-w64-mingw32-gcc -c -g -O2  conftest.c >&5
configure:5060: $? = 0
configure:5060: result: yes
configure:5072: checking whether _finite is declared
configure:5072: x86_64-w64-mingw32-gcc -c -g -O2  conftest.c >&5
configure:5072: $? = 0
configure:5072: result: yes
configure:5084: checking for GCC atomic builtins
configure:5103: x86_64-w64-mingw32-gcc -o conftest.exe -g -O2  -static conftest.c  >&5
configure:5103: $? = 0
configure:5105: result: yes
configure:5152: x86_64-w64-mingw32-gcc -o conftest.exe -g -O2  -static conftest.c  >&5
configure:5152: $? = 0
configure:5169: checking if .gnu.warning accepts long strings
configure:5180: x86_64-w64-mingw32-gcc -o conftest.exe -g -O2  -static conftest.c  >&5
configure:5180: $? = 0
configure:5185: result: yes
configure:5250: checking how to print strings
configure:5277: result: printf
configure:5298: checking for a sed that does not truncate output
configure:5362: result: /bin/sed
configure:5380: checking for fgrep
configure:5442: result: /bin/grep -F
configure:5477: checking for ld used by x86_64-w64-mingw32-gcc
configure:5544: result: /usr/bin/x86_64-w64-mingw32-ld
configure:5551: checking if the linker (/usr/bin/x86_64-w64-mingw32-ld) is GNU ld
configure:5566: result: yes
configure:5578: checking for BSD- or MS-compatible name lister (nm)
configure:5632: result: /usr/bin/x86_64-w64-mingw32-nm -B
configure:5762: checking the name lister (/usr/bin/x86_64-w64-mingw32-nm -B) interface
configure:5769: x86_64-w64-mingw32-gcc -c -g -O2  conftest.c >&5
configure:5772: /usr/bin/x86_64-w64-mingw32-nm -B "conftest.o"
configure:5775: output
0000000000000000 b .bss
0000000000000000 d .data
0000000000000000 N .debug_abbrev
0000000000000000 N .debug_aranges
0000000000000000 N .debug_info
0000000000000000 N .debug_line
0000000000000000 r .rdata$zzz
0000000000000000 t .text
0000000000000000 B some_variable
configure:5782: result: BSD nm
configure:5785: checking whether ln -s works
configure:5789: result: yes
configure:5797: checking the maximum length of command line arguments
configure:5928: result: 1572864
configure:5976: checking how to convert x86_64-pc-linux-gnu file names to x86_64-w64-mingw32 format
configure:6016: result: func_convert_file_nix_to_w32
configure:6023: checking how to convert x86_64-pc-linux-gnu file names to toolchain format
configure:6043: result: func_convert_file_noop
configure:6050: checking for /usr/bin/x86_64-w64-mingw32-ld option to reload object files
configure:6057: result: -r
configure:6091: checking for x86_64-w64-mingw32-objdump
configure:6107: found /usr/bin/x86_64-w64-mingw32-objdump
configure:6118: result: x86_64-w64-mingw32-objdump
configure:6190: checking how to recognize dependent libraries
configure:6390: result: file_magic ^x86 archive import|^x86 DLL
configure:6435: checking for x86_64-w64-mingw32-dlltool
configure:6451: found /usr/bin/x86_64-w64-mingw32-dlltool
configure:6462: result: x86_64-w64-mingw32-dlltool
configure:6535: checking how to associate runtime and link libraries
configure:6562: result: func_cygming_dll_for_implib
configure:6578: checking for x86_64-w64-mingw32-ar
configure:6594: found /usr/bin/x86_64-w64-mingw32-ar
configure:6605: result: x86_64-w64-mingw32-ar
configure:6686: checking for archiver @FILE support
configure:6703: x86_64-w64-mingw32-gcc -c -g -O2  conftest.c >&5
configure:6703: $? = 0
configure:6706: x86_64-w64-mingw32-ar cru libconftest.a @conftest.lst >&5
x86_64-w64-mingw32-ar: `u' modifier ignored since `D' is the default (see `U')
configure:6709: $? = 0
configure:6714: x86_64-w64-mingw32-ar cru libconftest.a @conftest.lst >&5
x86_64-w64-mingw32-ar: `u' modifier ignored since `D' is the default (see `U')
x86_64-w64-mingw32-ar: conftest.o: No such file or directory
configure:6717: $? = 1
configure:6729: result: @
configure:6747: checking for x86_64-w64-mingw32-strip
configure:6774: result: x86_64-w64-mingw32-strip
configure:6846: checking for x86_64-w64-mingw32-ranlib
configure:6862: found /usr/bin/x86_64-w64-mingw32-ranlib
configure:6873: result: x86_64-w64-mingw32-ranlib
configure:7015: checking command to parse /usr/bin/x86_64-w64-mingw32-nm -B output from x86_64-w64-mingw32-gcc object
configure:7168: x86_64-w64-mingw32-gcc -c -g -O2  conftest.c >&5
configure:7171: $? = 0
configure:7175: /usr/bin/x86_64-w64-mingw32-nm -B conftest.o \| sed -n -e 's/^.*[ ]\([ABCDGIRSTW][ABCDGIRSTW]*\)[ ][ ]*\([_A-Za-z][_A-Za-z0-9]*\)$/\1 \2 \2/p' | sed '/ __gnu_lto/d' \> conftest.nm
configure:7178: $? = 0
configure:7244: x86_64-w64-mingw32-gcc -o conftest.exe -g -O2  -static conftest.c conftstm.o >&5
configure:7247: $? = 0
configure:7285: result: ok
configure:7332: checking for sysroot
configure:7362: result: no
configure:7369: checking for a working dd
configure:7407: result: /bin/dd
configure:7411: checking how to truncate binary pipes
configure:7426: result: /bin/dd bs=4096 count=1
configure:7715: checking for x86_64-w64-mingw32-mt
configure:7745: result: no
configure:7755: checking for mt
configure:7785: result: no
configure:7805: checking if : is a manifest tool
configure:7811: : '-?'
configure:7819: result: no
configure:8493: checking for dlfcn.h
configure:8493: x86_64-w64-mingw32-gcc -c -g -O2  conftest.c >&5
conftest.c:85:10: fatal error: dlfcn.h: No such file or directory
 #include <dlfcn.h>
          ^~~~~~~~~
compilation terminated.
configure:8493: $? = 1
configure: failed program was:
| /* confdefs.h */
| #define PACKAGE_NAME "json-c"
| #define PACKAGE_TARNAME "json-c"
| #define PACKAGE_VERSION "0.13.99"
| #define PACKAGE_STRING "json-c 0.13.99"
| #define PACKAGE_BUGREPORT "json-c@googlegroups.com"
| #define PACKAGE_URL ""
| #define PACKAGE "json-c"
| #define VERSION "0.13.99"
| #define STDC_HEADERS 1
| #define HAVE_SYS_TYPES_H 1
| #define HAVE_SYS_STAT_H 1
| #define HAVE_STDLIB_H 1
| #define HAVE_STRING_H 1
| #define HAVE_MEMORY_H 1
| #define HAVE_STRINGS_H 1
| #define HAVE_INTTYPES_H 1
| #define HAVE_STDINT_H 1
| #define HAVE_UNISTD_H 1
| #define HAVE_FCNTL_H 1
| #define HAVE_LIMITS_H 1
| #define HAVE_STRINGS_H 1
| #define HAVE_UNISTD_H 1
| #define HAVE_SYS_CDEFS_H 1
| #define HAVE_SYS_PARAM_H 1
| #define HAVE_STDARG_H 1
| #define HAVE_LOCALE_H 1
| #define JSON_C_HAVE_INTTYPES_H 1
| #define HAVE___THREAD 1
| #define SPEC___THREAD __thread
| #define HAVE_VPRINTF 1
| #define HAVE_REALLOC 1
| #define HAVE_STRCASECMP 1
| #define HAVE_STRDUP 1
| #define HAVE_STRERROR 1
| #define HAVE_SNPRINTF 1
| #define HAVE_VSNPRINTF 1
| #define HAVE_VASPRINTF 1
| #define HAVE_OPEN 1
| #define HAVE_STRNCASECMP 1
| #define HAVE_SETLOCALE 1
| #define HAVE_DECL_INFINITY 1
| #define HAVE_DECL_NAN 1
| #define HAVE_DECL_ISNAN 1
| #define HAVE_DECL_ISINF 1
| #define HAVE_DECL__ISNAN 1
| #define HAVE_DECL__FINITE 1
| #define HAVE_ATOMIC_BUILTINS 1
| #define HAS_GNU_WARNING_LONG 1
| /* end confdefs.h.  */
| #include <stdio.h>
| #ifdef HAVE_SYS_TYPES_H
| # include <sys/types.h>
| #endif
| #ifdef HAVE_SYS_STAT_H
| # include <sys/stat.h>
| #endif
| #ifdef STDC_HEADERS
| # include <stdlib.h>
| # include <stddef.h>
| #else
| # ifdef HAVE_STDLIB_H
| #  include <stdlib.h>
| # endif
| #endif
| #ifdef HAVE_STRING_H
| # if !defined STDC_HEADERS && defined HAVE_MEMORY_H
| #  include <memory.h>
| # endif
| # include <string.h>
| #endif
| #ifdef HAVE_STRINGS_H
| # include <strings.h>
| #endif
| #ifdef HAVE_INTTYPES_H
| # include <inttypes.h>
| #endif
| #ifdef HAVE_STDINT_H
| # include <stdint.h>
| #endif
| #ifdef HAVE_UNISTD_H
| # include <unistd.h>
| #endif
| 
| #include <dlfcn.h>
configure:8493: result: no
configure:8749: checking for objdir
configure:8764: result: .libs
configure:9028: checking if x86_64-w64-mingw32-gcc supports -fno-rtti -fno-exceptions
configure:9046: x86_64-w64-mingw32-gcc -c -g -O2  -fno-rtti -fno-exceptions conftest.c >&5
cc1: warning: command line option '-fno-rtti' is valid for C++/ObjC++ but not for C
configure:9050: $? = 0
configure:9063: result: no
configure:9421: checking for x86_64-w64-mingw32-gcc option to produce PIC
configure:9428: result: -DDLL_EXPORT -DPIC
configure:9436: checking if x86_64-w64-mingw32-gcc PIC flag -DDLL_EXPORT -DPIC works
configure:9454: x86_64-w64-mingw32-gcc -c -g -O2  -DDLL_EXPORT -DPIC -DPIC conftest.c >&5
configure:9458: $? = 0
configure:9471: result: yes
configure:9500: checking if x86_64-w64-mingw32-gcc static flag -static works
configure:9528: result: yes
configure:9543: checking if x86_64-w64-mingw32-gcc supports -c -o file.o
configure:9564: x86_64-w64-mingw32-gcc -c -g -O2  -o out/conftest2.o conftest.c >&5
configure:9568: $? = 0
configure:9590: result: yes
configure:9598: checking if x86_64-w64-mingw32-gcc supports -c -o file.o
configure:9645: result: yes
configure:9678: checking whether the x86_64-w64-mingw32-gcc linker (/usr/bin/x86_64-w64-mingw32-ld) supports shared libraries
configure:10941: result: yes
configure:10978: checking whether -lc should be explicitly linked in
configure:10986: x86_64-w64-mingw32-gcc -c -g -O2  conftest.c >&5
configure:10989: $? = 0
configure:11004: x86_64-w64-mingw32-gcc -shared conftest.o  -v -o ./conftest -Wl,--enable-auto-image-base -Xlinker --out-implib -Xlinker conftest 2\>\&1 \| /bin/grep  -lc  \>/dev/null 2\>\&1
configure:11007: $? = 1
configure:11021: result: yes
configure:11181: checking dynamic linker characteristics
configure:12011: result: Win32 ld.exe
configure:12133: checking how to hardcode library paths into programs
configure:12158: result: immediate
configure:12706: checking whether stripping libraries is possible
configure:12711: result: yes
configure:12746: checking if libtool supports shared libraries
configure:12748: result: yes
configure:12751: checking whether to build shared libraries
configure:12776: result: yes
configure:12779: checking whether to build static libraries
configure:12783: result: no
configure:12833: checking for -Bsymbolic-functions linker flag
configure:12847: x86_64-w64-mingw32-gcc -o conftest.exe -g -O2  -Wl,-Bsymbolic-functions conftest.c  >&5
configure:12847: $? = 0
configure:12849: result: yes
configure:12891: checking for compatibility with _REENTRANT and toolchain headers
configure:12906: x86_64-w64-mingw32-gcc -o conftest.exe -g -O2  -static conftest.c  >&5
configure:12906: $? = 0
configure:12908: result: yes
configure:13046: checking that generated files are newer than configure
configure:13052: result: done
configure:13075: creating ./config.status

## ---------------------- ##
## Running config.status. ##
## ---------------------- ##

This file was extended by json-c config.status 0.13.99, which was
generated by GNU Autoconf 2.69.  Invocation command line was

  CONFIG_FILES    = 
  CONFIG_HEADERS  = 
  CONFIG_LINKS    = 
  CONFIG_COMMANDS = 
  $ ./config.status 

on f53782e66157

config.status:1131: creating Makefile
config.status:1131: creating json-c.pc
config.status:1131: creating tests/Makefile
config.status:1131: creating json-c-uninstalled.pc
config.status:1131: creating config.h
config.status:1131: creating json_config.h
config.status:1360: executing depfiles commands
config.status:1360: executing libtool commands

## ---------------- ##
## Cache variables. ##
## ---------------- ##

ac_cv___thread=yes
ac_cv_build=x86_64-pc-linux-gnu
ac_cv_c_compiler_gnu=yes
ac_cv_c_const=yes
ac_cv_env_CC_set=
ac_cv_env_CC_value=
ac_cv_env_CFLAGS_set=
ac_cv_env_CFLAGS_value=
ac_cv_env_CPPFLAGS_set=
ac_cv_env_CPPFLAGS_value=
ac_cv_env_CPP_set=
ac_cv_env_CPP_value=
ac_cv_env_LDFLAGS_set=set
ac_cv_env_LDFLAGS_value=-static
ac_cv_env_LIBS_set=
ac_cv_env_LIBS_value=
ac_cv_env_LT_SYS_LIBRARY_PATH_set=
ac_cv_env_LT_SYS_LIBRARY_PATH_value=
ac_cv_env_build_alias_set=
ac_cv_env_build_alias_value=
ac_cv_env_host_alias_set=set
ac_cv_env_host_alias_value=x86_64-w64-mingw32
ac_cv_env_target_alias_set=
ac_cv_env_target_alias_value=
ac_cv_exeext=.exe
ac_cv_func__doprnt=no
ac_cv_func_memcmp_working=no
ac_cv_func_open=yes
ac_cv_func_realloc=yes
ac_cv_func_setlocale=yes
ac_cv_func_snprintf=yes
ac_cv_func_strcasecmp=yes
ac_cv_func_strdup=yes
ac_cv_func_strerror=yes
ac_cv_func_strncasecmp=yes
ac_cv_func_vasprintf=yes
ac_cv_func_vprintf=yes
ac_cv_func_vsnprintf=yes
ac_cv_func_vsyslog=no
ac_cv_have_decl_INFINITY=yes
ac_cv_have_decl__finite=yes
ac_cv_have_decl__isnan=yes
ac_cv_have_decl_isinf=yes
ac_cv_have_decl_isnan=yes
ac_cv_have_decl_nan=yes
ac_cv_header_dlfcn_h=no
ac_cv_header_endian_h=no
ac_cv_header_fcntl_h=yes
ac_cv_header_inttypes_h=yes
ac_cv_header_limits_h=yes
ac_cv_header_locale_h=yes
ac_cv_header_memory_h=yes
ac_cv_header_stdarg_h=yes
ac_cv_header_stdc=yes
ac_cv_header_stdint_h=yes
ac_cv_header_stdlib_h=yes
ac_cv_header_string_h=yes
ac_cv_header_strings_h=yes
ac_cv_header_sys_cdefs_h=yes
ac_cv_header_sys_param_h=yes
ac_cv_header_sys_stat_h=yes
ac_cv_header_sys_types_h=yes
ac_cv_header_syslog_h=no
ac_cv_header_unistd_h=yes
ac_cv_header_xlocale_h=no
ac_cv_host=x86_64-w64-mingw32
ac_cv_objext=o
ac_cv_path_EGREP='/bin/grep -E'
ac_cv_path_FGREP='/bin/grep -F'
ac_cv_path_GREP=/bin/grep
ac_cv_path_SED=/bin/sed
ac_cv_path_install='/usr/bin/install -c'
ac_cv_path_lt_DD=/bin/dd
ac_cv_path_mkdir=/bin/mkdir
ac_cv_prog_AR=x86_64-w64-mingw32-ar
ac_cv_prog_AWK=mawk
ac_cv_prog_CC=x86_64-w64-mingw32-gcc
ac_cv_prog_CPP='x86_64-w64-mingw32-gcc -E'
ac_cv_prog_DLLTOOL=x86_64-w64-mingw32-dlltool
ac_cv_prog_OBJDUMP=x86_64-w64-mingw32-objdump
ac_cv_prog_RANLIB=x86_64-w64-mingw32-ranlib
ac_cv_prog_STRIP=x86_64-w64-mingw32-strip
ac_cv_prog_cc_c89=
ac_cv_prog_cc_c99=
ac_cv_prog_cc_g=yes
ac_cv_prog_make_make_set=yes
ac_cv_type_size_t=yes
am_cv_CC_dependencies_compiler_type=gcc3
am_cv_make_support_nested_variables=yes
am_cv_prog_cc_c_o=yes
lt_cv_ar_at_file=@
lt_cv_archive_cmds_need_lc=yes
lt_cv_deplibs_check_method='file_magic ^x86 archive import|^x86 DLL'
lt_cv_file_magic_cmd=func_win32_libid
lt_cv_file_magic_test_file=
lt_cv_ld_reload_flag=-r
lt_cv_nm_interface='BSD nm'
lt_cv_objdir=.libs
lt_cv_path_LD=/usr/bin/x86_64-w64-mingw32-ld
lt_cv_path_NM='/usr/bin/x86_64-w64-mingw32-nm -B'
lt_cv_path_mainfest_tool=no
lt_cv_prog_compiler_c_o=yes
lt_cv_prog_compiler_pic='-DDLL_EXPORT -DPIC'
lt_cv_prog_compiler_pic_works=yes
lt_cv_prog_compiler_rtti_exceptions=no
lt_cv_prog_compiler_static_works=yes
lt_cv_prog_gnu_ld=yes
lt_cv_sharedlib_from_linklib_cmd=func_cygming_dll_for_implib
lt_cv_sys_global_symbol_pipe='sed -n -e '\''s/^.*[	 ]\([ABCDGIRSTW][ABCDGIRSTW]*\)[	 ][	 ]*\([_A-Za-z][_A-Za-z0-9]*\)$/\1 \2 \2/p'\'' | sed '\''/ __gnu_lto/d'\'''
lt_cv_sys_global_symbol_to_c_name_address='sed -n -e '\''s/^: \(.*\) .*$/  {"\1", (void *) 0},/p'\'' -e '\''s/^[ABCDGIRSTW][ABCDGIRSTW]* .* \(.*\)$/  {"\1", (void *) \&\1},/p'\'''
lt_cv_sys_global_symbol_to_c_name_address_lib_prefix='sed -n -e '\''s/^: \(.*\) .*$/  {"\1", (void *) 0},/p'\'' -e '\''s/^[ABCDGIRSTW][ABCDGIRSTW]* .* \(lib.*\)$/  {"\1", (void *) \&\1},/p'\'' -e '\''s/^[ABCDGIRSTW][ABCDGIRSTW]* .* \(.*\)$/  {"lib\1", (void *) \&\1},/p'\'''
lt_cv_sys_global_symbol_to_cdecl='sed -n -e '\''s/^T .* \(.*\)$/extern int \1();/p'\'' -e '\''s/^[ABCDGIRSTW][ABCDGIRSTW]* .* \(.*\)$/extern char \1;/p'\'''
lt_cv_sys_global_symbol_to_import=
lt_cv_sys_max_cmd_len=1572864
lt_cv_to_host_file_cmd=func_convert_file_nix_to_w32
lt_cv_to_tool_file_cmd=func_convert_file_noop
lt_cv_truncate_bin='/bin/dd bs=4096 count=1'

## ----------------- ##
## Output variables. ##
## ----------------- ##

ACLOCAL='${SHELL} /shad0w-dev/beacon/lib/json-c/missing aclocal-1.15'
AMDEPBACKSLASH='\'
AMDEP_FALSE='#'
AMDEP_TRUE=''
AMTAR='$${TAR-tar}'
AM_BACKSLASH='\'
AM_DEFAULT_V='$(AM_DEFAULT_VERBOSITY)'
AM_DEFAULT_VERBOSITY='0'
AM_V='$(V)'
AR='x86_64-w64-mingw32-ar'
AUTOCONF='${SHELL} /shad0w-dev/beacon/lib/json-c/missing autoconf'
AUTOHEADER='${SHELL} /shad0w-dev/beacon/lib/json-c/missing autoheader'
AUTOMAKE='${SHELL} /shad0w-dev/beacon/lib/json-c/missing automake-1.15'
AWK='mawk'
CC='x86_64-w64-mingw32-gcc'
CCDEPMODE='depmode=gcc3'
CFLAGS='-g -O2'
CPP='x86_64-w64-mingw32-gcc -E'
CPPFLAGS=''
CYGPATH_W='echo'
DEFS='-DHAVE_CONFIG_H'
DEPDIR='.deps'
DLLTOOL='x86_64-w64-mingw32-dlltool'
DSYMUTIL=''
DUMPBIN=''
ECHO_C=''
ECHO_N='-n'
ECHO_T=''
EGREP='/bin/grep -E'
EXEEXT='.exe'
FGREP='/bin/grep -F'
GREP='/bin/grep'
INSTALL_DATA='${INSTALL} -m 644'
INSTALL_PROGRAM='${INSTALL}'
INSTALL_SCRIPT='${INSTALL}'
INSTALL_STRIP_PROGRAM='$(install_sh) -c -s'
JSON_BSYMBOLIC_LDFLAGS='-Wl,-Bsymbolic-functions'
LD='/usr/bin/x86_64-w64-mingw32-ld'
LDFLAGS='-static'
LIBOBJS=' ${LIBOBJDIR}memcmp$U.o'
LIBS=''
LIBTOOL='$(SHELL) $(top_builddir)/libtool'
LIPO=''
LN_S='ln -s'
LTLIBOBJS=' ${LIBOBJDIR}memcmp$U.lo'
LT_SYS_LIBRARY_PATH=''
MAKEINFO='${SHELL} /shad0w-dev/beacon/lib/json-c/missing makeinfo'
MANIFEST_TOOL=':'
MKDIR_P='/bin/mkdir -p'
NM='/usr/bin/x86_64-w64-mingw32-nm -B'
NMEDIT=''
OBJDUMP='x86_64-w64-mingw32-objdump'
OBJEXT='o'
OTOOL64=''
OTOOL=''
PACKAGE='json-c'
PACKAGE_BUGREPORT='json-c@googlegroups.com'
PACKAGE_NAME='json-c'
PACKAGE_STRING='json-c 0.13.99'
PACKAGE_TARNAME='json-c'
PACKAGE_URL=''
PACKAGE_VERSION='0.13.99'
PATH_SEPARATOR=':'
RANLIB='x86_64-w64-mingw32-ranlib'
SED='/bin/sed'
SET_MAKE=''
SHELL='/bin/bash'
STRIP='x86_64-w64-mingw32-strip'
VERSION='0.13.99'
ac_ct_AR=''
ac_ct_CC=''
ac_ct_DUMPBIN=''
am__EXEEXT_FALSE='#'
am__EXEEXT_TRUE=''
am__fastdepCC_FALSE='#'
am__fastdepCC_TRUE=''
am__include='include'
am__isrc=''
am__leading_dot='.'
am__nodep='_no'
am__quote=''
am__tar='$${TAR-tar} chof - "$$tardir"'
am__untar='$${TAR-tar} xf -'
bindir='${exec_prefix}/bin'
build='x86_64-pc-linux-gnu'
build_alias=''
build_cpu='x86_64'
build_os='linux-gnu'
build_vendor='pc'
datadir='${datarootdir}'
datarootdir='${prefix}/share'
docdir='${datarootdir}/doc/${PACKAGE_TARNAME}'
dvidir='${docdir}'
exec_prefix='${prefix}'
host='x86_64-w64-mingw32'
host_alias='x86_64-w64-mingw32'
host_cpu='x86_64'
host_os='mingw32'
host_vendor='w64'
htmldir='${docdir}'
includedir='${prefix}/include'
infodir='${datarootdir}/info'
install_sh='${SHELL} /shad0w-dev/beacon/lib/json-c/install-sh'
libdir='${exec_prefix}/lib'
libexecdir='${exec_prefix}/libexec'
localedir='${datarootdir}/locale'
localstatedir='${prefix}/var'
mandir='${datarootdir}/man'
mkdir_p='$(MKDIR_P)'
oldincludedir='/usr/include'
pdfdir='${docdir}'
prefix='/usr/local'
program_transform_name='s,x,x,'
psdir='${docdir}'
runstatedir='${localstatedir}/run'
sbindir='${exec_prefix}/sbin'
sharedstatedir='${prefix}/com'
sysconfdir='${prefix}/etc'
target_alias=''

## ----------- ##
## confdefs.h. ##
## ----------- ##

/* confdefs.h */
#define PACKAGE_NAME "json-c"
#define PACKAGE_TARNAME "json-c"
#define PACKAGE_VERSION "0.13.99"
#define PACKAGE_STRING "json-c 0.13.99"
#define PACKAGE_BUGREPORT "json-c@googlegroups.com"
#define PACKAGE_URL ""
#define PACKAGE "json-c"
#define VERSION "0.13.99"
#define STDC_HEADERS 1
#define HAVE_SYS_TYPES_H 1
#define HAVE_SYS_STAT_H 1
#define HAVE_STDLIB_H 1
#define HAVE_STRING_H 1
#define HAVE_MEMORY_H 1
#define HAVE_STRINGS_H 1
#define HAVE_INTTYPES_H 1
#define HAVE_STDINT_H 1
#define HAVE_UNISTD_H 1
#define HAVE_FCNTL_H 1
#define HAVE_LIMITS_H 1
#define HAVE_STRINGS_H 1
#define HAVE_UNISTD_H 1
#define HAVE_SYS_CDEFS_H 1
#define HAVE_SYS_PARAM_H 1
#define HAVE_STDARG_H 1
#define HAVE_LOCALE_H 1
#define JSON_C_HAVE_INTTYPES_H 1
#define HAVE___THREAD 1
#define SPEC___THREAD __thread
#define HAVE_VPRINTF 1
#define HAVE_REALLOC 1
#define HAVE_STRCASECMP 1
#define HAVE_STRDUP 1
#define HAVE_STRERROR 1
#define HAVE_SNPRINTF 1
#define HAVE_VSNPRINTF 1
#define HAVE_VASPRINTF 1
#define HAVE_OPEN 1
#define HAVE_STRNCASECMP 1
#define HAVE_SETLOCALE 1
#define HAVE_DECL_INFINITY 1
#define HAVE_DECL_NAN 1
#define HAVE_DECL_ISNAN 1
#define HAVE_DECL_ISINF 1
#define HAVE_DECL__ISNAN 1
#define HAVE_DECL__FINITE 1
#define HAVE_ATOMIC_BUILTINS 1
#define HAS_GNU_WARNING_LONG 1
#define LT_OBJDIR ".libs/"

configure: exit 0
